10:24:22.266: INFO - game.GUI >> <main()> VierGewinnt-game.GUI V0.001 started.
10:24:22.893: INFO - game.GUI >> <setupButtons()> game.GUI-Objekte erstellt.
10:24:24.269: INFO - game.GUI >> <mouseClicked()> Position (818 | 660)
10:24:24.269: INFO - game.GUI >> <mouseClicked()> (SCREEN MENUE) Button 'P VS COM' ausgewaehlt.
10:24:25.203: INFO - game.GUI >> <mouseClicked()> Position (818 | 660)
10:24:25.204: INFO - game.GUI >> <mouseClicked()> (SCREEN LEVEL) Button 'MID' ausgewaehlt.
10:24:25.206: INFO - game.VierGewinnt >> <start()> VierGewinnt V0.001 gestartet.
10:24:25.207: INFO - game.VierGewinnt >> <Constructor> Neues Spielfeld erstellt.
10:24:25.209: INFO - game.VierGewinnt >> <Constructor> Spieler 1 am Zug.
10:24:25.210: INFO - game.VierGewinnt >> <setDifficulty()> Anzahl Iterationen fuer bestMove() auf 100 gesetzt.
10:24:26.277: INFO - game.GUI >> <mouseClicked()> Position (390 | 964)
10:24:26.278: INFO - game.GUI >> <move()> Spalte 0 ausgewaehlt.
10:24:26.282: INFO - game.VierGewinnt >> <play()> Setze Position (0 | 5) auf 1.
10:24:26.283: INFO - game.VierGewinnt >> <Constructor> Neues Spielfeld erstellt.
10:24:26.283: INFO - game.VierGewinnt >> <Constructor> Spieler 2 am Zug.
10:24:26.284: INFO - game.GUI >> <checkGame()> Gegenpruefung mit game.VG erfolgreich. Beide Felder identisch.
10:24:26.776: INFO - game.GUI >> <mouseClicked()> Position (533 | 928)
10:24:26.776: INFO - game.GUI >> <move()> Spalte 1 ausgewaehlt.
10:24:26.777: INFO - game.VierGewinnt >> <play()> Setze Position (1 | 5) auf -1.
10:24:26.777: INFO - game.VierGewinnt >> <Constructor> Neues Spielfeld erstellt.
10:24:26.777: INFO - game.VierGewinnt >> <Constructor> Spieler 1 am Zug.
10:24:26.777: INFO - game.GUI >> <checkGame()> Gegenpruefung mit game.VG erfolgreich. Beide Felder identisch.
10:24:27.260: INFO - game.GUI >> <mouseClicked()> Position (532 | 801)
10:24:27.261: INFO - game.GUI >> <move()> Spalte 1 ausgewaehlt.
10:24:27.261: INFO - game.VierGewinnt >> <play()> Setze Position (1 | 4) auf 1.
10:24:27.261: INFO - game.VierGewinnt >> <Constructor> Neues Spielfeld erstellt.
10:24:27.261: INFO - game.VierGewinnt >> <Constructor> Spieler 2 am Zug.
10:24:27.261: INFO - game.GUI >> <checkGame()> Gegenpruefung mit game.VG erfolgreich. Beide Felder identisch.
10:24:27.760: INFO - game.GUI >> <mouseClicked()> Position (695 | 913)
10:24:27.760: INFO - game.GUI >> <move()> Spalte 2 ausgewaehlt.
10:24:27.760: INFO - game.VierGewinnt >> <play()> Setze Position (2 | 5) auf -1.
10:24:27.760: INFO - game.VierGewinnt >> <Constructor> Neues Spielfeld erstellt.
10:24:27.760: INFO - game.VierGewinnt >> <Constructor> Spieler 1 am Zug.
10:24:27.761: INFO - game.GUI >> <checkGame()> Gegenpruefung mit game.VG erfolgreich. Beide Felder identisch.
10:24:29.010: INFO - game.GUI >> <mouseClicked()> Position (406 | 788)
10:24:29.011: INFO - game.GUI >> <move()> Spalte 0 ausgewaehlt.
10:24:29.011: INFO - game.VierGewinnt >> <play()> Setze Position (0 | 4) auf 1.
10:24:29.011: INFO - game.VierGewinnt >> <Constructor> Neues Spielfeld erstellt.
10:24:29.011: INFO - game.VierGewinnt >> <Constructor> Spieler 2 am Zug.
10:24:29.011: INFO - game.GUI >> <checkGame()> Gegenpruefung mit game.VG erfolgreich. Beide Felder identisch.
10:24:30.326: INFO - game.GUI >> <mouseClicked()> Position (1544 | 25)
10:24:30.326: INFO - game.GUI >> <mouseClicked()> (SCREEN PLAY) Button 'Rueckgaengig' ausgewaehlt.
10:24:30.330: INFO - game.VierGewinnt >> <undo()> Setze Position (0 | 4) von 1 zurueck auf 0.
10:24:30.330: INFO - game.VierGewinnt >> <undo()> Spieler 1 am Zug.
10:24:30.331: INFO - game.VierGewinnt >> <Constructor> Neues Spielfeld erstellt.
10:24:30.331: INFO - game.VierGewinnt >> <Constructor> Spieler 1 am Zug.
10:24:30.331: INFO - game.GUI >> <checkGame()> Gegenpruefung mit game.VG erfolgreich. Beide Felder identisch.
10:24:31.411: INFO - game.GUI >> <mouseClicked()> Position (668 | 804)
10:24:31.411: INFO - game.GUI >> <move()> Spalte 2 ausgewaehlt.
10:24:31.411: INFO - game.VierGewinnt >> <play()> Setze Position (2 | 4) auf 1.
10:24:31.411: INFO - game.VierGewinnt >> <Constructor> Neues Spielfeld erstellt.
10:24:31.412: INFO - game.VierGewinnt >> <Constructor> Spieler 2 am Zug.
10:24:31.412: INFO - game.GUI >> <checkGame()> Gegenpruefung mit game.VG erfolgreich. Beide Felder identisch.
10:24:32.027: INFO - game.GUI >> <mouseClicked()> Position (391 | 791)
10:24:32.028: INFO - game.GUI >> <move()> Spalte 0 ausgewaehlt.
10:24:32.028: INFO - game.VierGewinnt >> <play()> Setze Position (0 | 4) auf -1.
10:24:32.028: INFO - game.VierGewinnt >> <Constructor> Neues Spielfeld erstellt.
10:24:32.028: INFO - game.VierGewinnt >> <Constructor> Spieler 1 am Zug.
10:24:32.028: INFO - game.GUI >> <checkGame()> Gegenpruefung mit game.VG erfolgreich. Beide Felder identisch.
10:24:32.543: INFO - game.GUI >> <mouseClicked()> Position (673 | 707)
10:24:32.544: INFO - game.GUI >> <move()> Spalte 2 ausgewaehlt.
10:24:32.544: INFO - game.VierGewinnt >> <play()> Setze Position (2 | 3) auf 1.
10:24:32.544: INFO - game.VierGewinnt >> <Constructor> Neues Spielfeld erstellt.
10:24:32.550: INFO - game.VierGewinnt >> <Constructor> Spieler 2 am Zug.
10:24:32.551: INFO - game.GUI >> <checkGame()> Gegenpruefung mit game.VG erfolgreich. Beide Felder identisch.
10:24:34.861: INFO - game.GUI >> <mouseClicked()> Position (555 | 707)
10:24:34.861: INFO - game.GUI >> <move()> Spalte 1 ausgewaehlt.
10:24:34.861: INFO - game.VierGewinnt >> <play()> Setze Position (1 | 3) auf -1.
10:24:34.861: INFO - game.VierGewinnt >> <Constructor> Neues Spielfeld erstellt.
10:24:34.863: INFO - game.VierGewinnt >> <Constructor> Spieler 1 am Zug.
10:24:34.863: INFO - game.GUI >> <checkGame()> Gegenpruefung mit game.VG erfolgreich. Beide Felder identisch.
10:24:35.477: INFO - game.GUI >> <mouseClicked()> Position (846 | 907)
10:24:35.477: INFO - game.GUI >> <move()> Spalte 3 ausgewaehlt.
10:24:35.483: INFO - game.VierGewinnt >> <play()> Setze Position (3 | 5) auf 1.
10:24:35.483: INFO - game.VierGewinnt >> <Constructor> Neues Spielfeld erstellt.
10:24:35.484: INFO - game.VierGewinnt >> <Constructor> Spieler 2 am Zug.
10:24:35.484: INFO - game.GUI >> <checkGame()> Gegenpruefung mit game.VG erfolgreich. Beide Felder identisch.
10:24:36.260: INFO - game.GUI >> <mouseClicked()> Position (872 | 846)
10:24:36.260: INFO - game.GUI >> <move()> Spalte 3 ausgewaehlt.
10:24:36.261: INFO - game.VierGewinnt >> <play()> Setze Position (3 | 4) auf -1.
10:24:36.261: INFO - game.VierGewinnt >> <Constructor> Neues Spielfeld erstellt.
10:24:36.262: INFO - game.VierGewinnt >> <Constructor> Spieler 1 am Zug.
10:24:36.262: INFO - game.GUI >> <checkGame()> Gegenpruefung mit game.VG erfolgreich. Beide Felder identisch.
10:24:37.777: INFO - game.GUI >> <mouseClicked()> Position (880 | 709)
10:24:37.777: INFO - game.GUI >> <move()> Spalte 3 ausgewaehlt.
10:24:37.777: INFO - game.VierGewinnt >> <play()> Setze Position (3 | 3) auf 1.
10:24:37.777: INFO - game.VierGewinnt >> <Constructor> Neues Spielfeld erstellt.
10:24:37.778: INFO - game.VierGewinnt >> <Constructor> Spieler 2 am Zug.
10:24:37.778: INFO - game.GUI >> <checkGame()> Gegenpruefung mit game.VG erfolgreich. Beide Felder identisch.
10:24:40.227: INFO - game.GUI >> <mouseClicked()> Position (1601 | 136)
10:24:40.227: INFO - game.GUI >> <mouseClicked()> (SCREEN PLAY) Button 'AUTO PLAY' ausgewaehlt.
10:24:40.244: INFO - game.VierGewinnt >> <bestMove()> Gestartet.
10:24:40.252: INFO - game.VierGewinnt >> <bestMove()> Gewinnbewertung fuer Spiel in Spalte 6 entspricht: 0
10:24:40.252: INFO - game.VierGewinnt >> <bestMove()> Gewinnbewertung fuer Spiel in Spalte 0 entspricht: 0
10:24:40.253: INFO - game.VierGewinnt >> <bestMove()> Gewinnbewertung fuer Spiel in Spalte 1 entspricht: 0
10:24:40.255: INFO - game.VierGewinnt >> <bestMove()> Gewinnbewertung fuer Spiel in Spalte 5 entspricht: 0
10:24:40.258: INFO - game.VierGewinnt >> <bestMove()> Gewinnbewertung fuer Spiel in Spalte 2 entspricht: 0
10:24:40.266: INFO - game.VierGewinnt >> <bestMove()> Gewinnbewertung fuer Spiel in Spalte 4 entspricht: 0
10:24:40.550: INFO - game.VierGewinnt >> <monteCarlo()> Gewinnmoeglichkeiten in Prozent: -> | 10 || 5 || 2 || 4 || 4 || 4 || 5 |
10:24:40.557: INFO - game.VierGewinnt >> <monteCarlo()> Durchschnitt: -> 34%
10:24:40.563: INFO - game.VierGewinnt >> <monteCarlo()> Gewinnmoeglichkeiten in Prozent: -> | 6 || 4 || 3 || 4 || 4 || 6 || 6 |
10:24:40.563: INFO - game.VierGewinnt >> <monteCarlo()> Durchschnitt: -> 33%
10:24:40.569: INFO - game.VierGewinnt >> <monteCarlo()> Gewinnmoeglichkeiten in Prozent: -> | 4 || 6 || 6 || 1 || 4 || 4 || 6 |
10:24:40.569: INFO - game.VierGewinnt >> <monteCarlo()> Durchschnitt: -> 31%
10:24:40.615: INFO - game.VierGewinnt >> <monteCarlo()> Gewinnmoeglichkeiten in Prozent: -> | 7 || 8 || 1 || 6 || 12 || 7 || 10 |
10:24:40.615: INFO - game.VierGewinnt >> <monteCarlo()> Durchschnitt: -> 51%
10:24:40.631: INFO - game.VierGewinnt >> <monteCarlo()> Gewinnmoeglichkeiten in Prozent: -> | 6 || 8 || 2 || 9 || 3 || 4 || 4 |
10:24:40.631: INFO - game.VierGewinnt >> <monteCarlo()> Durchschnitt: -> 36%
10:24:40.643: INFO - game.VierGewinnt >> <monteCarlo()> Gewinnmoeglichkeiten in Prozent: -> | 5 || 5 || 3 || 4 || 8 || 8 || 10 |
10:24:40.655: INFO - game.VierGewinnt >> <monteCarlo()> Durchschnitt: -> 43%
10:24:40.690: INFO - game.VierGewinnt >> <monteCarlo()> Gewinnmoeglichkeiten in Prozent: -> | 4 || 10 || 6 || 7 || 13 || 5 || 11 |
10:24:40.691: INFO - game.VierGewinnt >> <monteCarlo()> Durchschnitt: -> 56%
10:24:40.707: INFO - game.VierGewinnt >> <monteCarlo()> Gewinnmoeglichkeiten in Prozent: -> | 7 || 4 || 4 || 9 || 9 || 10 || 4 |
10:24:40.707: INFO - game.VierGewinnt >> <monteCarlo()> Durchschnitt: -> 47%
10:24:40.729: INFO - game.VierGewinnt >> <monteCarlo()> Gewinnmoeglichkeiten in Prozent: -> | 6 || 11 || 0 || 3 || 9 || 4 || 8 |
10:24:40.729: INFO - game.VierGewinnt >> <monteCarlo()> Durchschnitt: -> 41%
10:24:40.756: INFO - game.VierGewinnt >> <monteCarlo()> Gewinnmoeglichkeiten in Prozent: -> | 7 || 9 || 2 || 7 || 5 || 6 || 4 |
10:24:40.756: INFO - game.VierGewinnt >> <monteCarlo()> Durchschnitt: -> 40%
10:24:40.781: INFO - game.VierGewinnt >> <monteCarlo()> Gewinnmoeglichkeiten in Prozent: -> | 5 || 5 || 2 || 3 || 11 || 4 || 9 |
10:24:40.782: INFO - game.VierGewinnt >> <monteCarlo()> Durchschnitt: -> 39%
10:24:40.833: INFO - game.VierGewinnt >> <monteCarlo()> Gewinnmoeglichkeiten in Prozent: -> | 5 || 7 || 4 || 6 || 3 || 2 || 5 |
10:24:40.833: INFO - game.VierGewinnt >> <monteCarlo()> Durchschnitt: -> 32%
10:24:40.875: INFO - game.VierGewinnt >> <monteCarlo()> Gewinnmoeglichkeiten in Prozent: -> | 5 || 4 || 4 || 8 || 6 || 7 || 10 |
10:24:40.880: INFO - game.VierGewinnt >> <monteCarlo()> Durchschnitt: -> 44%
10:24:40.885: INFO - game.VierGewinnt >> <monteCarlo()> Gewinnmoeglichkeiten in Prozent: -> | 7 || 2 || 2 || 5 || 10 || 6 || 1 |
10:24:40.886: INFO - game.VierGewinnt >> <monteCarlo()> Durchschnitt: -> 33%
10:24:40.890: INFO - game.VierGewinnt >> <monteCarlo()> Gewinnmoeglichkeiten in Prozent: -> | 4 || 11 || 8 || 3 || 14 || 4 || 5 |
10:24:40.891: INFO - game.VierGewinnt >> <monteCarlo()> Durchschnitt: -> 49%
10:24:40.939: INFO - game.VierGewinnt >> <monteCarlo()> Gewinnmoeglichkeiten in Prozent: -> | 4 || 5 || 2 || 4 || 6 || 2 || 8 |
10:24:40.939: INFO - game.VierGewinnt >> <monteCarlo()> Durchschnitt: -> 31%
10:24:40.947: INFO - game.VierGewinnt >> <monteCarlo()> Gewinnmoeglichkeiten in Prozent: -> | 5 || 8 || 8 || 6 || 16 || 8 || 8 |
10:24:40.948: INFO - game.VierGewinnt >> <monteCarlo()> Durchschnitt: -> 59%
10:24:40.987: INFO - game.VierGewinnt >> <monteCarlo()> Gewinnmoeglichkeiten in Prozent: -> | 4 || 3 || 4 || 10 || 4 || 1 || 2 |
10:24:40.988: INFO - game.VierGewinnt >> <monteCarlo()> Durchschnitt: -> 28%
10:24:41.050: INFO - game.VierGewinnt >> <monteCarlo()> Gewinnmoeglichkeiten in Prozent: -> | 7 || 4 || 2 || 1 || 7 || 2 || 4 |
10:24:41.052: INFO - game.VierGewinnt >> <monteCarlo()> Durchschnitt: -> 27%
10:24:41.065: INFO - game.VierGewinnt >> <monteCarlo()> Gewinnmoeglichkeiten in Prozent: -> | 8 || 11 || 11 || 4 || 2 || 12 || 5 |
10:24:41.065: INFO - game.VierGewinnt >> <monteCarlo()> Durchschnitt: -> 53%
10:24:41.068: INFO - game.VierGewinnt >> <monteCarlo()> Gewinnmoeglichkeiten in Prozent: -> | 3 || 4 || 4 || 5 || 4 || 3 || 8 |
10:24:41.068: INFO - game.VierGewinnt >> <monteCarlo()> Durchschnitt: -> 31%
10:24:41.086: INFO - game.VierGewinnt >> <monteCarlo()> Gewinnmoeglichkeiten in Prozent: -> | 1 || 2 || 0 || 1 || 0 || 1 || 2 |
10:24:41.088: INFO - game.VierGewinnt >> <monteCarlo()> Durchschnitt: -> 7%
10:24:41.136: INFO - game.VierGewinnt >> <monteCarlo()> Gewinnmoeglichkeiten in Prozent: -> | 2 || 6 || 0 || 2 || 4 || 2 || 4 |
10:24:41.137: INFO - game.VierGewinnt >> <monteCarlo()> Durchschnitt: -> 20%
10:24:41.137: INFO - game.VierGewinnt >> <monteCarlo()> Gewinnmoeglichkeiten in Prozent: -> | 3 || 8 || 3 || 2 || 7 || 8 || 4 |
10:24:41.137: INFO - game.VierGewinnt >> <monteCarlo()> Durchschnitt: -> 35%
10:24:41.143: INFO - game.VierGewinnt >> <monteCarlo()> Gewinnmoeglichkeiten in Prozent: -> | 6 || 2 || 2 || 0 || 1 || 4 || 4 |
10:24:41.143: INFO - game.VierGewinnt >> <monteCarlo()> Durchschnitt: -> 19%
10:24:41.168: INFO - game.VierGewinnt >> <monteCarlo()> Gewinnmoeglichkeiten in Prozent: -> | 5 || 1 || 0 || 0 || 3 || 1 || 4 |
10:24:41.168: INFO - game.VierGewinnt >> <monteCarlo()> Durchschnitt: -> 14%
10:24:41.176: INFO - game.VierGewinnt >> <monteCarlo()> Gewinnmoeglichkeiten in Prozent: -> | 0 || 1 || 0 || 3 || 3 || 1 || 3 |
10:24:41.176: INFO - game.VierGewinnt >> <monteCarlo()> Durchschnitt: -> 11%
10:24:41.206: INFO - game.VierGewinnt >> <monteCarlo()> Gewinnmoeglichkeiten in Prozent: -> | 3 || 6 || 3 || 3 || 7 || 6 || 4 |
10:24:41.206: INFO - game.VierGewinnt >> <monteCarlo()> Durchschnitt: -> 32%
10:24:41.215: INFO - game.VierGewinnt >> <monteCarlo()> Gewinnmoeglichkeiten in Prozent: -> | 4 || 1 || 0 || 4 || 3 || 2 || 4 |
10:24:41.216: INFO - game.VierGewinnt >> <monteCarlo()> Durchschnitt: -> 18%
10:24:41.230: INFO - game.VierGewinnt >> <monteCarlo()> Gewinnmoeglichkeiten in Prozent: -> | 10 || 2 || 7 || 4 || 3 || 2 || 5 |
10:24:41.230: INFO - game.VierGewinnt >> <monteCarlo()> Durchschnitt: -> 33%
10:24:41.252: INFO - game.VierGewinnt >> <monteCarlo()> Gewinnmoeglichkeiten in Prozent: -> | 2 || 1 || 0 || 4 || 3 || 1 || 1 |
10:24:41.252: INFO - game.VierGewinnt >> <monteCarlo()> Durchschnitt: -> 12%
10:24:41.298: INFO - game.VierGewinnt >> <monteCarlo()> Gewinnmoeglichkeiten in Prozent: -> | 3 || 8 || 5 || 5 || 7 || 4 || 7 |
10:24:41.298: INFO - game.VierGewinnt >> <monteCarlo()> Durchschnitt: -> 39%
10:24:41.305: INFO - game.VierGewinnt >> <monteCarlo()> Gewinnmoeglichkeiten in Prozent: -> | 5 || 4 || 2 || 5 || 3 || 7 || 9 |
10:24:41.305: INFO - game.VierGewinnt >> <monteCarlo()> Durchschnitt: -> 35%
10:24:41.315: INFO - game.VierGewinnt >> <monteCarlo()> Gewinnmoeglichkeiten in Prozent: -> | 2 || 9 || 4 || 4 || 3 || 4 || 10 |
10:24:41.316: INFO - game.VierGewinnt >> <monteCarlo()> Durchschnitt: -> 36%
10:24:41.343: INFO - game.VierGewinnt >> <monteCarlo()> Gewinnmoeglichkeiten in Prozent: -> | 8 || 6 || 1 || 11 || 4 || 4 || 8 |
10:24:41.343: INFO - game.VierGewinnt >> <monteCarlo()> Durchschnitt: -> 42%
10:24:41.351: INFO - game.VierGewinnt >> <monteCarlo()> Gewinnmoeglichkeiten in Prozent: -> | 9 || 3 || 7 || 4 || 5 || 7 || 6 |
10:24:41.351: INFO - game.VierGewinnt >> <monteCarlo()> Durchschnitt: -> 41%
10:24:41.357: INFO - game.VierGewinnt >> <monteCarlo()> Gewinnmoeglichkeiten in Prozent: -> | 3 || 3 || 0 || 6 || 10 || 2 || 5 |
10:24:41.357: INFO - game.VierGewinnt >> <monteCarlo()> Durchschnitt: -> 29%
10:24:41.387: INFO - game.VierGewinnt >> <monteCarlo()> Gewinnmoeglichkeiten in Prozent: -> | 7 || 4 || 1 || 4 || 4 || 4 || 7 |
10:24:41.387: INFO - game.VierGewinnt >> <monteCarlo()> Durchschnitt: -> 31%
10:24:41.400: INFO - game.VierGewinnt >> <monteCarlo()> Gewinnmoeglichkeiten in Prozent: -> | 8 || 3 || 2 || 1 || 4 || 3 || 3 |
10:24:41.400: INFO - game.VierGewinnt >> <monteCarlo()> Durchschnitt: -> 24%
10:24:41.403: INFO - game.VierGewinnt >> <monteCarlo()> Gewinnmoeglichkeiten in Prozent: -> | 2 || 9 || 2 || 5 || 2 || 5 || 6 |
10:24:41.404: INFO - game.VierGewinnt >> <monteCarlo()> Durchschnitt: -> 31%
10:24:41.443: INFO - game.VierGewinnt >> <monteCarlo()> Gewinnmoeglichkeiten in Prozent: -> | 5 || 4 || 3 || 6 || 7 || 6 || 7 |
10:24:41.443: INFO - game.VierGewinnt >> <monteCarlo()> Durchschnitt: -> 38%
10:24:41.444: INFO - game.VierGewinnt >> <monteCarlo()> Gewinnmoeglichkeiten in Prozent: -> | 9 || 4 || 2 || 10 || 6 || 6 || 9 |
10:24:41.444: INFO - game.VierGewinnt >> <monteCarlo()> Durchschnitt: -> 46%
10:24:41.476: INFO - game.VierGewinnt >> <monteCarlo()> Gewinnmoeglichkeiten in Prozent: -> | 4 || 2 || 4 || 2 || 3 || 1 || 3 |
10:24:41.477: INFO - game.VierGewinnt >> <monteCarlo()> Durchschnitt: -> 19%
10:24:41.483: INFO - game.VierGewinnt >> <monteCarlo()> Gewinnmoeglichkeiten in Prozent: -> | 7 || 4 || 2 || 6 || 3 || 3 || 7 |
10:24:41.483: INFO - game.VierGewinnt >> <monteCarlo()> Durchschnitt: -> 32%
10:24:41.492: INFO - game.VierGewinnt >> <monteCarlo()> Gewinnmoeglichkeiten in Prozent: -> | 4 || 5 || 3 || 4 || 4 || 5 || 5 |
10:24:41.493: INFO - game.VierGewinnt >> <monteCarlo()> Durchschnitt: -> 30%
10:24:41.530: INFO - game.VierGewinnt >> <monteCarlo()> Gewinnmoeglichkeiten in Prozent: -> | 13 || 6 || 12 || 8 || 10 || 10 || 8 |
10:24:41.531: INFO - game.VierGewinnt >> <monteCarlo()> Durchschnitt: -> 67%
10:24:41.543: INFO - game.VierGewinnt >> <monteCarlo()> Gewinnmoeglichkeiten in Prozent: -> | 3 || 11 || 3 || 3 || 3 || 8 || 5 |
10:24:41.543: INFO - game.VierGewinnt >> <monteCarlo()> Durchschnitt: -> 36%
10:24:41.558: INFO - game.VierGewinnt >> <monteCarlo()> Gewinnmoeglichkeiten in Prozent: -> | 12 || 9 || 10 || 7 || 11 || 4 || 8 |
10:24:41.558: INFO - game.VierGewinnt >> <monteCarlo()> Durchschnitt: -> 61%
10:24:41.571: INFO - game.VierGewinnt >> <monteCarlo()> Gewinnmoeglichkeiten in Prozent: -> | 8 || 7 || 2 || 3 || 2 || 2 || 3 |
10:24:41.572: INFO - game.VierGewinnt >> <monteCarlo()> Durchschnitt: -> 27%
10:24:41.572: INFO - game.VierGewinnt >> <bestMove()> Gewinnbewertung fuer Spiel in Spalte 3 entspricht: 33
10:24:41.572: INFO - game.VierGewinnt >> <bestMove()> Gewinnmoeglichkeiten: -> | 0 || 0 || 0 || 33 || 0 || 0 || 0 |
10:24:41.574: INFO - game.VierGewinnt >> <bestMove()> Ergebnis: Reihe 3. Benoetigte Rechenzeit 1329ms.
10:24:41.575: INFO - game.VierGewinnt >> <play()> Setze Position (3 | 2) auf -1.
10:24:41.575: INFO - game.VierGewinnt >> <Constructor> Neues Spielfeld erstellt.
10:24:41.575: INFO - game.VierGewinnt >> <Constructor> Spieler 1 am Zug.
10:24:41.575: INFO - game.GUI >> <checkGame()> Gegenpruefung mit game.VG erfolgreich. Beide Felder identisch.
10:24:42.868: INFO - game.GUI >> <mouseClicked()> Position (1597 | 42)
10:24:42.868: INFO - game.GUI >> <mouseClicked()> (SCREEN PLAY) Button 'Rueckgaengig' ausgewaehlt.
10:24:42.868: INFO - game.VierGewinnt >> <undo()> Setze Position (3 | 2) von -1 zurueck auf 0.
10:24:42.868: INFO - game.VierGewinnt >> <undo()> Spieler 2 am Zug.
10:24:42.868: INFO - game.VierGewinnt >> <Constructor> Neues Spielfeld erstellt.
10:24:42.868: INFO - game.VierGewinnt >> <Constructor> Spieler 2 am Zug.
10:24:42.869: INFO - game.GUI >> <checkGame()> Gegenpruefung mit game.VG erfolgreich. Beide Felder identisch.
10:24:45.018: INFO - game.GUI >> <mouseClicked()> Position (385 | 670)
10:24:45.019: INFO - game.GUI >> <move()> Spalte 0 ausgewaehlt.
10:24:45.019: INFO - game.VierGewinnt >> <play()> Setze Position (0 | 3) auf -1.
10:24:45.019: INFO - game.VierGewinnt >> <Constructor> Neues Spielfeld erstellt.
10:24:45.019: INFO - game.VierGewinnt >> <Constructor> Spieler 1 am Zug.
10:24:45.020: INFO - game.GUI >> <checkGame()> Gegenpruefung mit game.VG erfolgreich. Beide Felder identisch.
10:24:47.001: INFO - game.GUI >> <mouseClicked()> Position (714 | 583)
10:24:47.001: INFO - game.GUI >> <move()> Spalte 2 ausgewaehlt.
10:24:47.001: INFO - game.VierGewinnt >> <play()> Setze Position (2 | 2) auf 1.
10:24:47.001: INFO - game.VierGewinnt >> <Constructor> Neues Spielfeld erstellt.
10:24:47.001: INFO - game.VierGewinnt >> <Constructor> Spieler 2 am Zug.
10:24:47.001: INFO - game.GUI >> <checkGame()> Gegenpruefung mit game.VG erfolgreich. Beide Felder identisch.
10:24:48.718: INFO - game.GUI >> <mouseClicked()> Position (1563 | 133)
10:24:48.718: INFO - game.GUI >> <mouseClicked()> (SCREEN PLAY) Button 'AUTO PLAY' ausgewaehlt.
10:24:48.736: INFO - game.VierGewinnt >> <bestMove()> Gestartet.
10:24:48.737: INFO - game.VierGewinnt >> <bestMove()> Gewinnbewertung fuer Spiel in Spalte 4 entspricht: 0
10:24:48.737: INFO - game.VierGewinnt >> <bestMove()> Gewinnbewertung fuer Spiel in Spalte 1 entspricht: 0
10:24:48.737: INFO - game.VierGewinnt >> <bestMove()> Gewinnbewertung fuer Spiel in Spalte 3 entspricht: 0
10:24:48.737: INFO - game.VierGewinnt >> <bestMove()> Gewinnbewertung fuer Spiel in Spalte 2 entspricht: 0
10:24:48.737: INFO - game.VierGewinnt >> <bestMove()> Gewinnbewertung fuer Spiel in Spalte 6 entspricht: 0
10:24:48.738: INFO - game.VierGewinnt >> <bestMove()> Gewinnbewertung fuer Spiel in Spalte 5 entspricht: 0
10:24:48.737: INFO - game.VierGewinnt >> <bestMove()> Gewinnbewertung fuer Spiel in Spalte 0 entspricht: 0
10:24:48.738: INFO - game.VierGewinnt >> <bestMove()> Gewinnmoeglichkeiten: -> | 0 || 0 || 0 || 0 || 0 || 0 || 0 |
10:24:48.738: INFO - game.VierGewinnt >> <bestMove()> Ergebnis: Reihe 0. Benoetigte Rechenzeit 2ms.
10:24:48.738: INFO - game.VierGewinnt >> <play()> Setze Position (0 | 2) auf -1.
10:24:48.738: INFO - game.VierGewinnt >> <Constructor> Neues Spielfeld erstellt.
10:24:48.738: INFO - game.VierGewinnt >> <Constructor> Spieler 1 am Zug.
10:24:48.739: INFO - game.GUI >> <checkGame()> Gegenpruefung mit game.VG erfolgreich. Beide Felder identisch.
10:24:49.672: INFO - game.GUI >> <mouseClicked()> Position (1578 | 47)
10:24:49.672: INFO - game.GUI >> <mouseClicked()> (SCREEN PLAY) Button 'Rueckgaengig' ausgewaehlt.
10:24:49.672: INFO - game.VierGewinnt >> <undo()> Setze Position (0 | 2) von -1 zurueck auf 0.
10:24:49.672: INFO - game.VierGewinnt >> <undo()> Spieler 2 am Zug.
10:24:49.672: INFO - game.VierGewinnt >> <Constructor> Neues Spielfeld erstellt.
10:24:49.672: INFO - game.VierGewinnt >> <Constructor> Spieler 2 am Zug.
10:24:49.672: INFO - game.GUI >> <checkGame()> Gegenpruefung mit game.VG erfolgreich. Beide Felder identisch.
10:24:51.456: INFO - game.GUI >> <mouseClicked()> Position (1410 | 854)
10:24:51.456: INFO - game.GUI >> <move()> Spalte 6 ausgewaehlt.
10:24:51.456: INFO - game.VierGewinnt >> <play()> Setze Position (6 | 5) auf -1.
10:24:51.456: INFO - game.VierGewinnt >> <Constructor> Neues Spielfeld erstellt.
10:24:51.456: INFO - game.VierGewinnt >> <Constructor> Spieler 1 am Zug.
10:24:51.456: INFO - game.GUI >> <checkGame()> Gegenpruefung mit game.VG erfolgreich. Beide Felder identisch.
10:24:52.872: INFO - game.GUI >> <mouseClicked()> Position (1635 | 133)
10:24:52.873: INFO - game.GUI >> <mouseClicked()> (SCREEN PLAY) Button 'AUTO PLAY' ausgewaehlt.
10:24:52.889: INFO - game.VierGewinnt >> <bestMove()> Gestartet.
10:24:52.891: INFO - game.VierGewinnt >> <bestMove()> Gewinnbewertung fuer Spiel in Spalte 2 entspricht: 100
10:24:52.891: INFO - game.VierGewinnt >> <bestMove()> Gewinnbewertung fuer Spiel in Spalte 0 entspricht: 98
10:24:52.891: INFO - game.VierGewinnt >> <bestMove()> Gewinnbewertung fuer Spiel in Spalte 1 entspricht: 98
10:24:52.891: INFO - game.VierGewinnt >> <bestMove()> Gewinnbewertung fuer Spiel in Spalte 4 entspricht: 98
10:24:52.892: INFO - game.VierGewinnt >> <bestMove()> Gewinnbewertung fuer Spiel in Spalte 3 entspricht: 100
10:24:52.892: INFO - game.VierGewinnt >> <bestMove()> Gewinnbewertung fuer Spiel in Spalte 6 entspricht: 98
10:24:52.892: INFO - game.VierGewinnt >> <bestMove()> Gewinnbewertung fuer Spiel in Spalte 5 entspricht: 98
10:24:52.893: INFO - game.VierGewinnt >> <bestMove()> Gewinnmoeglichkeiten: -> | 98 || 98 || 100 || 100 || 98 || 98 || 98 |
10:24:52.893: INFO - game.VierGewinnt >> <bestMove()> Ergebnis: Reihe 2. Benoetigte Rechenzeit 3ms.
10:24:52.893: INFO - game.VierGewinnt >> <play()> Setze Position (2 | 1) auf 1.
10:24:52.893: INFO - game.VierGewinnt >> <Constructor> Neues Spielfeld erstellt.
10:24:52.894: INFO - game.VierGewinnt >> <hasWon()> Vertikale Siegesposition gefunden. Spieler 1 hat gewonnen.
10:24:52.894: INFO - game.VierGewinnt >> <Constructor> Spiel beendet.
10:24:52.894: INFO - game.GUI >> <checkGame()> Gegenpruefung mit game.VG erfolgreich. Beide Felder identisch.
10:24:52.895: INFO - game.VierGewinnt >> <hasWon()> Vertikale Siegesposition gefunden. Spieler 1 hat gewonnen.
10:24:52.895: INFO - game.VierGewinnt >> <hasWon()> Vertikale Siegesposition gefunden. Spieler 1 hat gewonnen.
10:24:57.606: INFO - game.GUI >> <mouseClicked()> Position (1641 | 68)
10:24:57.606: INFO - game.GUI >> <mouseClicked()> (SCREEN PLAY) Button 'Rueckgaengig' ausgewaehlt.
10:24:57.606: INFO - game.VierGewinnt >> <undo()> Setze Position (2 | 1) von 1 zurueck auf 0.
10:24:57.606: INFO - game.VierGewinnt >> <undo()> Spieler 1 am Zug.
10:24:57.606: INFO - game.VierGewinnt >> <Constructor> Neues Spielfeld erstellt.
10:24:57.607: INFO - game.VierGewinnt >> <Constructor> Spieler 1 am Zug.
10:24:57.607: INFO - game.GUI >> <checkGame()> Gegenpruefung mit game.VG erfolgreich. Beide Felder identisch.
